
> vibe-generated-app@1.0.0 dev
> vite


  VITE v5.4.20  ready in 284 ms

  ➜  Local:   http://localhost:3000/
  ➜  Network: http://172.20.4.224:3000/
2:58:39 AM [vite] Pre-transform error: Transform failed with 1 error:
/home/workspace/src/App.jsx:81:79: ERROR: Expected ">" but found "\",cursive] text-pink-600\""
2:58:43 AM [vite] Internal server error: Transform failed with 1 error:
/home/workspace/src/App.jsx:81:79: ERROR: Expected ">" but found "\",cursive] text-pink-600\""
  Plugin: vite:esbuild
  File: /home/workspace/src/App.jsx:81:79
  
  Expected ">" but found "\",cursive] text-pink-600\""
  79 |                  Every moment with you is my favorite memory 💖
  80 |                </p>
  81 |                <p className="mt-1 text-2xl md:text-4xl font-["Cedarville Cursive",cursive] text-pink-600">
     |                                                                                 ^
  82 |                  Sarah
  83 |                </p>
  
      at failureErrorWithLog (/home/workspace/node_modules/esbuild/lib/main.js:1472:15)
      at /home/workspace/node_modules/esbuild/lib/main.js:755:50
      at responseCallbacks.<computed> (/home/workspace/node_modules/esbuild/lib/main.js:622:9)
      at handleIncomingPacket (/home/workspace/node_modules/esbuild/lib/main.js:677:12)
      at Socket.readFromStdout (/home/workspace/node_modules/esbuild/lib/main.js:600:7)
      at Socket.emit (node:events:508:28)
      at addChunk (node:internal/streams/readable:559:12)
      at readableAddChunkPushByteMode (node:internal/streams/readable:510:3)
      at Readable.push (node:internal/streams/readable:390:5)
      at Pipe.onStreamRead (node:internal/stream_base_commons:189:23)
